<?xml version="1.0" encoding="UTF-8"?>
<!-- Generated by org.testng.reporters.JUnitReportReporter -->
<testsuite skipped="0" hostname="DESKTOP-3U63N3F" name="appiumActivities.calcTest" tests="1" failures="0" timestamp="2020-10-07T19:09:30 IST" time="17.590" errors="0">
  <testcase name="calc" time="17.590" classname="appiumActivities.calcTest"/>
</testsuite> <!-- appiumActivities.calcTest -->
