<?xml version="1.0" encoding="UTF-8"?>
<!-- Generated by org.testng.reporters.JUnitReportReporter -->
<testsuite skipped="0" hostname="DESKTOP-3U63N3F" name="appiumActivities.CalcExample" tests="1" failures="0" timestamp="2020-10-07T19:10:16 IST" time="15.424" errors="0">
  <testcase name="multiply" time="15.424" classname="appiumActivities.CalcExample"/>
</testsuite> <!-- appiumActivities.CalcExample -->
